[01:35:00] [main/INFO]: Setting user: Player359
[01:35:00] [Client thread/INFO]: LWJGL Version: 2.9.1
[01:35:03] [Client thread/INFO]: Reloading ResourceManager: Default, FMLFileResourcePack:Forge Mod Loader, FMLFileResourcePack:Minecraft Forge, FMLFileResourcePack:Nova Inventory
[01:35:04] [Client thread/INFO]: Created: 16x16 textures/blocks-atlas
[01:35:04] [Client thread/INFO]: Created: 16x16 textures/items-atlas
[01:35:04] [Sound Library Loader/INFO]: Sound engine started
[01:35:04] [Client thread/INFO]: Reloading ResourceManager: Default, FMLFileResourcePack:Forge Mod Loader, FMLFileResourcePack:Minecraft Forge, FMLFileResourcePack:§6NovaInventory§6
[01:35:04] [Client thread/INFO]: Created: 512x256 textures/blocks-atlas
[01:35:04] [Client thread/INFO]: Created: 256x256 textures/items-atlas
[01:35:05] [Sound Library Loader/INFO]: Sound engine started
[01:35:07] [Server thread/INFO]: Starting integrated minecraft server version 1.7.10
[01:35:07] [Server thread/INFO]: Generating keypair
[01:35:07] [Server thread/INFO]: Preparing start region for level 0
[01:35:08] [Server thread/INFO]: Changing view distance to 12, from 10
[01:35:08] [Server thread/INFO]: Player359[local:E:2bca99ad] logged in with entity id 356 at (-184.22912640849174, 94.0, 246.98200988734186)
[01:35:08] [Server thread/INFO]: Player359 joined the game
[01:35:19] [Server thread/INFO]: Player359 has just earned the achievement [Taking Inventory]
[01:35:19] [Client thread/INFO]: [CHAT] Player359 has just earned the achievement [Taking Inventory]
[01:35:51] [Server thread/INFO]: Saving and pausing game...
[01:35:51] [Server thread/INFO]: Saving chunks for level 'New World--'/Overworld
[01:35:51] [Server thread/INFO]: Saving chunks for level 'New World--'/Nether
[01:35:51] [Server thread/INFO]: Saving chunks for level 'New World--'/The End
[01:35:51] [Server thread/INFO]: Stopping server
[01:35:51] [Server thread/INFO]: Saving players
[01:35:51] [Server thread/INFO]: Saving worlds
[01:35:51] [Server thread/INFO]: Saving chunks for level 'New World--'/Overworld
[01:35:51] [Server thread/INFO]: Saving chunks for level 'New World--'/Nether
[01:35:51] [Server thread/INFO]: Saving chunks for level 'New World--'/The End
[01:35:53] [Client thread/INFO]: Stopping!
